<?xml version="1.0" encoding="UTF-8"?>
<testsuite xmlns:xsi="http://www.w3.org/2001/XMLSchema-instance" xsi:noNamespaceSchemaLocation="https://maven.apache.org/surefire/maven-surefire-plugin/xsd/surefire-test-report.xsd" name="edu.pdx.cs410J.cox.PhoneCallTest" time="0.001" tests="6" errors="0" skipped="0" failures="0">
  <properties>
[...]
</properties>
  <testcase name="dateFormatCorrect" classname="edu.pdx.cs410J.cox.PhoneCallTest" time="0"/>
  <testcase name="forProject1ItIsOkayIfGetStartTimeReturnsNull" classname="edu.pdx.cs410J.cox.PhoneCallTest" time="0"/>
  <testcase name="phoneFormatIncorrect" classname="edu.pdx.cs410J.cox.PhoneCallTest" time="0"/>
  <testcase name="phoneFormatCorrect" classname="edu.pdx.cs410J.cox.PhoneCallTest" time="0"/>
  <testcase name="initiallyAllPhoneCallsHaveTheSameCallee" classname="edu.pdx.cs410J.cox.PhoneCallTest" time="0"/>
  <testcase name="timeFormatCorrect" classname="edu.pdx.cs410J.cox.PhoneCallTest" time="0"/>
</testsuite>