GROUP,PACKAGE,CLASS,INSTRUCTION_MISSED,INSTRUCTION_COVERED,BRANCH_MISSED,BRANCH_COVERED,LINE_MISSED,LINE_COVERED,COMPLEXITY_MISSED,COMPLEXITY_COVERED,METHOD_MISSED,METHOD_COVERED
CS410J Phone Bill Project,edu.pdx.cs410J.cox,TextDumper,66,0,4,0,18,0,5,0,3,0
CS410J Phone Bill Project,edu.pdx.cs410J.cox,PhoneCall,367,15,52,0,108,5,38,1,12,1
CS410J Phone Bill Project,edu.pdx.cs410J.cox,Project1,106,18,19,1,16,6,11,1,1,1
CS410J Phone Bill Project,edu.pdx.cs410J.cox,Project2,283,0,46,0,65,0,27,0,4,0
CS410J Phone Bill Project,edu.pdx.cs410J.cox,TextParser,313,0,44,0,76,0,28,0,6,0
CS410J Phone Bill Project,edu.pdx.cs410J.cox,PhoneBill,16,11,0,0,6,3,4,1,4,1
