<?xml version="1.0" encoding="UTF-8"?>
<testsuite xmlns:xsi="http://www.w3.org/2001/XMLSchema-instance" xsi:noNamespaceSchemaLocation="https://maven.apache.org/surefire/maven-surefire-plugin/xsd/surefire-test-report.xsd" name="edu.pdx.cs410J.cox.MessagesTest" time="0.085" tests="5" errors="0" skipped="0" failures="0">
  <properties>
[...]
</properties>
  <testcase name="nullDefinitionIsParsedAsNull" classname="edu.pdx.cs410J.cox.MessagesTest" time="0.01"/>
  <testcase name="malformedWordAndDefinitionReturnsNull" classname="edu.pdx.cs410J.cox.MessagesTest" time="0"/>
  <testcase name="canParseFormattedDictionary" classname="edu.pdx.cs410J.cox.MessagesTest" time="0.023"/>
  <testcase name="canParseFormattedDictionaryEntryWithoutLeadingSpaces" classname="edu.pdx.cs410J.cox.MessagesTest" time="0.001"/>
  <testcase name="canParseFormattedDictionaryEntryPair" classname="edu.pdx.cs410J.cox.MessagesTest" time="0.001"/>
</testsuite>