GROUP,PACKAGE,CLASS,INSTRUCTION_MISSED,INSTRUCTION_COVERED,BRANCH_MISSED,BRANCH_COVERED,LINE_MISSED,LINE_COVERED,COMPLEXITY_MISSED,COMPLEXITY_COVERED,METHOD_MISSED,METHOD_COVERED
Phone Bill Web/REST Project,edu.pdx.cs410J.cox,TextDumper,66,0,4,0,18,0,5,0,3,0
Phone Bill Web/REST Project,edu.pdx.cs410J.cox,PhoneCall,601,0,70,0,166,0,54,0,19,0
Phone Bill Web/REST Project,edu.pdx.cs410J.cox,PhoneBillRestClient,142,52,1,1,15,10,6,4,5,4
Phone Bill Web/REST Project,edu.pdx.cs410J.cox,Project4,651,0,76,0,151,0,45,0,7,0
Phone Bill Web/REST Project,edu.pdx.cs410J.cox,PhoneBillServlet,431,0,34,0,100,0,27,0,10,0
Phone Bill Web/REST Project,edu.pdx.cs410J.cox,Project3,383,0,64,0,87,0,36,0,4,0
Phone Bill Web/REST Project,edu.pdx.cs410J.cox,TextParser,369,0,48,0,90,0,31,0,7,0
Phone Bill Web/REST Project,edu.pdx.cs410J.cox,PhoneBill,125,0,16,0,31,0,14,0,6,0
Phone Bill Web/REST Project,edu.pdx.cs410J.cox,PrettyPrinter,322,0,20,0,57,0,15,0,5,0
Phone Bill Web/REST Project,edu.pdx.cs410J.cox,Messages,144,9,8,0,30,1,14,1,10,1
Phone Bill Web/REST Project,edu.pdx.cs410J.cox,Messages.new Map.Entry() {...},31,0,2,0,7,0,5,0,4,0
Phone Bill Web/REST Project,edu.pdx.cs410J.cox,Messages.new Map.Entry() {...},29,0,2,0,7,0,5,0,4,0
Phone Bill Web/REST Project,edu.pdx.cs410J.cox,PhoneBillRestClient.PhoneBillRestException,8,0,0,0,3,0,1,0,1,0
