<?xml version="1.0" encoding="UTF-8"?>
<testsuite xmlns:xsi="http://www.w3.org/2001/XMLSchema-instance" xsi:noNamespaceSchemaLocation="https://maven.apache.org/surefire/maven-failsafe-plugin/xsd/failsafe-test-report.xsd" name="edu.pdx.cs410J.cox.PhoneBillServiceSyncProxyIT" time="0.683" tests="2" errors="0" skipped="0" failures="0">
  <properties>
[...]
</properties>
  <testcase name="gwtWebApplicationIsRunning" classname="edu.pdx.cs410J.cox.PhoneBillServiceSyncProxyIT" time="0.064"/>
  <testcase name="canInvokePhoneBillServiceWithGwtSyncProxy" classname="edu.pdx.cs410J.cox.PhoneBillServiceSyncProxyIT" time="0.474"/>
</testsuite>